[debug] [2020-12-09T10:35:03.807Z] ----------------------------------------------------------------------
[debug] [2020-12-09T10:35:03.809Z] Command:       /usr/local/Cellar/node/15.2.1/bin/node /usr/local/bin/firebase deploy
[debug] [2020-12-09T10:35:03.809Z] CLI Version:   8.16.2
[debug] [2020-12-09T10:35:03.810Z] Platform:      darwin
[debug] [2020-12-09T10:35:03.810Z] Node Version:  v15.2.1
[debug] [2020-12-09T10:35:03.812Z] Time:          Wed Dec 09 2020 13:35:03 GMT+0300 (East Africa Time)
[debug] [2020-12-09T10:35:03.812Z] ----------------------------------------------------------------------
[debug] [2020-12-09T10:35:03.812Z] 
[debug] [2020-12-09T10:35:03.814Z] >>> [apiv2][query] GET https://firebase-public.firebaseio.com/cli.json [none]
[debug] [2020-12-09T10:35:03.845Z] > command requires scopes: ["email","openid","https://www.googleapis.com/auth/cloudplatformprojects.readonly","https://www.googleapis.com/auth/firebase","https://www.googleapis.com/auth/cloud-platform"]
[debug] [2020-12-09T10:35:03.845Z] > authorizing via signed-in user
[debug] [2020-12-09T10:35:03.846Z] [iam] checking project chrs-90ba4 for permissions ["firebase.projects.get","firebasehosting.sites.update"]
[debug] [2020-12-09T10:35:03.848Z] > refreshing access token with scopes: ["email","https://www.googleapis.com/auth/cloud-platform","https://www.googleapis.com/auth/cloudplatformprojects.readonly","https://www.googleapis.com/auth/firebase","openid"]
[debug] [2020-12-09T10:35:03.849Z] >>> HTTP REQUEST POST https://www.googleapis.com/oauth2/v3/token  
 <request body omitted>
[debug] [2020-12-09T10:35:07.771Z] <<< [apiv2][status] GET https://firebase-public.firebaseio.com/cli.json 200
[debug] [2020-12-09T10:35:07.771Z] <<< [apiv2][body] GET https://firebase-public.firebaseio.com/cli.json {"cloudBuildErrorAfter":1594252800000,"cloudBuildWarnAfter":1590019200000,"defaultNode10After":1594252800000,"minVersion":"3.0.5","node8DeploysDisabledAfter":1613390400000,"node8RuntimeDisabledAfter":1615809600000,"node8WarnAfter":1600128000000}
[debug] [2020-12-09T10:35:09.278Z] <<< HTTP RESPONSE 200 {"pragma":"no-cache","cache-control":"no-cache, no-store, max-age=0, must-revalidate","date":"Wed, 09 Dec 2020 10:35:09 GMT","expires":"Mon, 01 Jan 1990 00:00:00 GMT","content-type":"application/json; charset=utf-8","vary":"X-Origin, Referer, Origin,Accept-Encoding","server":"scaffolding on HTTPServer2","x-xss-protection":"0","x-frame-options":"SAMEORIGIN","x-content-type-options":"nosniff","alt-svc":"h3-29=\":443\"; ma=2592000,h3-T051=\":443\"; ma=2592000,h3-Q050=\":443\"; ma=2592000,h3-Q046=\":443\"; ma=2592000,h3-Q043=\":443\"; ma=2592000,quic=\":443\"; ma=2592000; v=\"46,43\"","accept-ranges":"none","transfer-encoding":"chunked"}
[debug] [2020-12-09T10:35:09.296Z] >>> HTTP REQUEST POST https://cloudresourcemanager.googleapis.com/v1/projects/chrs-90ba4:testIamPermissions  
 {"permissions":["firebase.projects.get","firebasehosting.sites.update"]}
[debug] [2020-12-09T10:35:11.593Z] <<< HTTP RESPONSE 200 {"content-type":"application/json; charset=UTF-8","vary":"X-Origin, Referer, Origin,Accept-Encoding","date":"Wed, 09 Dec 2020 10:35:11 GMT","server":"ESF","cache-control":"private","x-xss-protection":"0","x-frame-options":"SAMEORIGIN","x-content-type-options":"nosniff","server-timing":"gfet4t7; dur=1309","alt-svc":"h3-29=\":443\"; ma=2592000,h3-T051=\":443\"; ma=2592000,h3-Q050=\":443\"; ma=2592000,h3-Q046=\":443\"; ma=2592000,h3-Q043=\":443\"; ma=2592000,quic=\":443\"; ma=2592000; v=\"46,43\"","accept-ranges":"none","transfer-encoding":"chunked"}
[debug] [2020-12-09T10:35:11.596Z] >>> HTTP REQUEST GET https://firebase.googleapis.com/v1beta1/projects/chrs-90ba4  
 
[debug] [2020-12-09T10:35:16.974Z] <<< HTTP RESPONSE 200 {"content-type":"application/json; charset=UTF-8","vary":"X-Origin, Referer, Origin,Accept-Encoding","date":"Wed, 09 Dec 2020 10:35:17 GMT","server":"ESF","cache-control":"private","x-xss-protection":"0","x-frame-options":"SAMEORIGIN","x-content-type-options":"nosniff","alt-svc":"h3-29=\":443\"; ma=2592000,h3-T051=\":443\"; ma=2592000,h3-Q050=\":443\"; ma=2592000,h3-Q046=\":443\"; ma=2592000,h3-Q043=\":443\"; ma=2592000,quic=\":443\"; ma=2592000; v=\"46,43\"","accept-ranges":"none","transfer-encoding":"chunked"}
[info] 
[info] === Deploying to 'chrs-90ba4'...
[info] 
[info] i  deploying hosting 
[debug] [2020-12-09T10:35:16.980Z] >>> HTTP REQUEST POST https://firebasehosting.googleapis.com/v1beta1/sites/chrs-90ba4/versions  
 {"config":{"rewrites":[{"glob":"**","path":"/index.html"}]},"labels":{"deployment-tool":"cli-firebase"}}
